{
  "stats": {
    "suites": 1,
    "tests": 2,
    "passes": 2,
    "pending": 0,
    "failures": 0,
    "start": "2022-03-28T20:22:20.088Z",
    "end": "2022-03-28T20:22:22.130Z",
    "duration": 2042,
    "testsRegistered": 2,
    "passPercent": 100,
    "pendingPercent": 0,
    "other": 0,
    "hasOther": false,
    "skipped": 0,
    "hasSkipped": false
  },
  "results": [
    {
      "uuid": "d91fdf3d-aab7-4406-b64e-b2a92469e485",
      "title": "",
      "fullFile": "cypress/integration/listagem.spec.js",
      "file": "cypress/integration/listagem.spec.js",
      "beforeHooks": [],
      "afterHooks": [],
      "tests": [],
      "suites": [
        {
          "uuid": "947ac34b-3bef-47d9-9495-55885517c524",
          "title": "Listagem",
          "fullFile": "",
          "file": "",
          "beforeHooks": [],
          "afterHooks": [],
          "tests": [
            {
              "title": "Quando não houver cadastro, então a listagem deve está vazia",
              "fullTitle": "Listagem Quando não houver cadastro, então a listagem deve está vazia",
              "timedOut": null,
              "duration": 527,
              "state": "passed",
              "speed": "slow",
              "pass": true,
              "fail": false,
              "pending": false,
              "context": null,
              "code": "cy.fixture('listagem-vazia').then(data => {\n  window.localStorage.setItem('data', JSON.stringify(data));\n});\ncy.visit('https://form-agilizei.netlify.app/listagem.html');\ncy.get('table tbody tr').should('have.length', 0);",
              "err": {},
              "uuid": "8fbd185c-63ec-4af0-955c-0225673ba451",
              "parentUUID": "947ac34b-3bef-47d9-9495-55885517c524",
              "isHook": false,
              "skipped": false
            },
            {
              "title": "Quando houver um ou mais cadastro, ntão a listagem deve exibir cada registro",
              "fullTitle": "Listagem Quando houver um ou mais cadastro, ntão a listagem deve exibir cada registro",
              "timedOut": null,
              "duration": 194,
              "state": "passed",
              "speed": "slow",
              "pass": true,
              "fail": false,
              "pending": false,
              "context": null,
              "code": "cy.fixture('listagem-com-itens').then(data => {\n  window.localStorage.setItem('data', JSON.stringify(data));\n});\ncy.visit('https://form-agilizei.netlify.app/listagem.html');\ncy.get('table tbody tr').should('have.length', 2);",
              "err": {},
              "uuid": "2af59927-c79e-4161-8162-cd2369bdaa53",
              "parentUUID": "947ac34b-3bef-47d9-9495-55885517c524",
              "isHook": false,
              "skipped": false
            }
          ],
          "suites": [],
          "passes": [
            "8fbd185c-63ec-4af0-955c-0225673ba451",
            "2af59927-c79e-4161-8162-cd2369bdaa53"
          ],
          "failures": [],
          "pending": [],
          "skipped": [],
          "duration": 721,
          "root": false,
          "rootEmpty": false,
          "_timeout": 2000
        }
      ],
      "passes": [],
      "failures": [],
      "pending": [],
      "skipped": [],
      "duration": 0,
      "root": true,
      "rootEmpty": true,
      "_timeout": 2000
    }
  ],
  "meta": {
    "mocha": {
      "version": "7.0.1"
    },
    "mochawesome": {
      "options": {
        "quiet": true,
        "reportFilename": "mochawesome",
        "saveHtml": false,
        "saveJson": true,
        "consoleReporter": "spec",
        "useInlineDiffs": false,
        "code": true
      },
      "version": "7.1.3"
    },
    "marge": {
      "options": {
        "id": "default",
        "reportDir": "mochawesome-report",
        "quiet": true,
        "overwrite": false,
        "html": false,
        "json": true
      },
      "version": "6.2.0"
    }
  }
}